创建一个新的连接---------
创建一个新的连接---------
连接关闭 code: 1005, reason: 
连接关闭 code: 1005, reason: 
创建一个新的连接---------
创建一个新的连接---------
连接关闭 code: 1005, reason: 
连接关闭 code: 1005, reason: 
创建一个新的连接---------
创建一个新的连接---------
连接关闭 code: 1005, reason: 
连接关闭 code: 1005, reason: 
创建一个新的连接---------
创建一个新的连接---------
连接关闭 code: 1005, reason: 
连接关闭 code: 1005, reason: 
创建一个新的连接---------
创建一个新的连接---------
连接关闭 code: 1005, reason: 
连接关闭 code: 1005, reason: 
创建一个新的连接---------
创建一个新的连接---------
连接关闭 code: 1005, reason: 
连接关闭 code: 1005, reason: 
创建一个新的连接---------
创建一个新的连接---------
连接关闭 code: 1005, reason: 
连接关闭 code: 1005, reason: 
创建一个新的连接---------
创建一个新的连接---------
连接关闭 code: 1005, reason: 
连接关闭 code: 1001, reason: 
创建一个新的连接---------
创建一个新的连接---------
连接关闭 code: 1001, reason: 
创建一个新的连接---------
连接关闭 code: 1001, reason: 
创建一个新的连接---------
连接关闭 code: 1001, reason: 
创建一个新的连接---------
uidxkiruycaert try to join roomId: 11
uidx8uuvg3popb try to join roomId: 11
new-peer: {"cmd":"new-peer","remoteUid":"x8uuvg3popb"}
resp-join: {"cmd":"resp-join","remoteUid":"xkiruycaert"}
handleOffer uid: xkiruycaert transfer offer to remoteUid: x8uuvg3popb
handleAnswer uid: x8uuvg3popb transfer answer to remoteUid: xkiruycaert
创建一个新的连接---------
创建一个新的连接---------
创建一个新的连接---------
uidypxfqjrtoom try to join roomId: 11
创建一个新的连接---------
uid2uv6sdnkzyq try to join roomId: 11
new-peer: {"cmd":"new-peer","remoteUid":"2uv6sdnkzyq"}
resp-join: {"cmd":"resp-join","remoteUid":"ypxfqjrtoom"}
handleOffer uid: ypxfqjrtoom transfer offer to remoteUid: 2uv6sdnkzyq
handleCandidate uid: ypxfqjrtoom transfer candidate to remoteUid: 2uv6sdnkzyq
handleCandidate uid: ypxfqjrtoom transfer candidate to remoteUid: 2uv6sdnkzyq
handleAnswer uid: 2uv6sdnkzyq transfer answer to remoteUid: ypxfqjrtoom
handleCandidate uid: 2uv6sdnkzyq transfer candidate to remoteUid: ypxfqjrtoom
handleCandidate uid: 2uv6sdnkzyq transfer candidate to remoteUid: ypxfqjrtoom
连接关闭 code: 1006, reason: 
handleForceLeave uid:ypxfqjrtoom force leave roomId: 11
notify peer:2uv6sdnkzyq , uid: ypxfqjrtoom leave
监听到错误:Error: This socket has been ended by the other party
连接关闭 code: 1006, reason: 
handleForceLeave uid:2uv6sdnkzyq force leave roomId: 11
创建一个新的连接---------
连接关闭 code: 1005, reason: 
创建一个新的连接---------
连接关闭 code: 1005, reason: 
创建一个新的连接---------
创建一个新的连接---------
连接关闭 code: 1005, reason: 
连接关闭 code: 1005, reason: 
创建一个新的连接---------
创建一个新的连接---------
连接关闭 code: 1005, reason: 
连接关闭 code: 1005, reason: 
创建一个新的连接---------
创建一个新的连接---------
连接关闭 code: 1005, reason: 
连接关闭 code: 1005, reason: 
创建一个新的连接---------
创建一个新的连接---------
连接关闭 code: 1005, reason: 
uidexpmpiouxn try to join roomId: 11
连接关闭 code: 1005, reason: 
handleForceLeave uid:expmpiouxn force leave roomId: 11
创建一个新的连接---------
创建一个新的连接---------
uidtgt2blueh7 try to join roomId: 11
连接关闭 code: 1005, reason: 
handleForceLeave uid:tgt2blueh7 force leave roomId: 11
连接关闭 code: 1005, reason: 
创建一个新的连接---------
创建一个新的连接---------
连接关闭 code: 1005, reason: 
连接关闭 code: 1005, reason: 
创建一个新的连接---------
创建一个新的连接---------
连接关闭 code: 1005, reason: 
连接关闭 code: 1005, reason: 
创建一个新的连接---------
创建一个新的连接---------
连接关闭 code: 1005, reason: 
连接关闭 code: 1005, reason: 
创建一个新的连接---------
创建一个新的连接---------
连接关闭 code: 1005, reason: 
连接关闭 code: 1005, reason: 
创建一个新的连接---------
创建一个新的连接---------
连接关闭 code: 1005, reason: 
连接关闭 code: 1005, reason: 
创建一个新的连接---------
创建一个新的连接---------
连接关闭 code: 1005, reason: 
连接关闭 code: 1005, reason: 
创建一个新的连接---------
创建一个新的连接---------
连接关闭 code: 1005, reason: 
连接关闭 code: 1005, reason: 
创建一个新的连接---------
创建一个新的连接---------
连接关闭 code: 1005, reason: 
连接关闭 code: 1005, reason: 
创建一个新的连接---------
创建一个新的连接---------
连接关闭 code: 1005, reason: 
连接关闭 code: 1005, reason: 
创建一个新的连接---------
创建一个新的连接---------
连接关闭 code: 1005, reason: 
连接关闭 code: 1005, reason: 
创建一个新的连接---------
创建一个新的连接---------
连接关闭 code: 1005, reason: 
连接关闭 code: 1005, reason: 
创建一个新的连接---------
创建一个新的连接---------
连接关闭 code: 1005, reason: 
连接关闭 code: 1005, reason: 
创建一个新的连接---------
创建一个新的连接---------
连接关闭 code: 1005, reason: 
连接关闭 code: 1005, reason: 
创建一个新的连接---------
创建一个新的连接---------
连接关闭 code: 1005, reason: 
连接关闭 code: 1005, reason: 
创建一个新的连接---------
创建一个新的连接---------
连接关闭 code: 1005, reason: 
连接关闭 code: 1005, reason: 
创建一个新的连接---------
创建一个新的连接---------
连接关闭 code: 1005, reason: 
连接关闭 code: 1005, reason: 
创建一个新的连接---------
创建一个新的连接---------
连接关闭 code: 1005, reason: 
连接关闭 code: 1005, reason: 
创建一个新的连接---------
创建一个新的连接---------
连接关闭 code: 1005, reason: 
连接关闭 code: 1005, reason: 
创建一个新的连接---------
创建一个新的连接---------
连接关闭 code: 1005, reason: 
连接关闭 code: 1005, reason: 
创建一个新的连接---------
创建一个新的连接---------
连接关闭 code: 1005, reason: 
连接关闭 code: 1005, reason: 
创建一个新的连接---------
创建一个新的连接---------
连接关闭 code: 1005, reason: 
连接关闭 code: 1005, reason: 
创建一个新的连接---------
创建一个新的连接---------
连接关闭 code: 1005, reason: 
连接关闭 code: 1005, reason: 
创建一个新的连接---------
创建一个新的连接---------
连接关闭 code: 1005, reason: 
连接关闭 code: 1005, reason: 
创建一个新的连接---------
创建一个新的连接---------
连接关闭 code: 1005, reason: 
连接关闭 code: 1005, reason: 
创建一个新的连接---------
创建一个新的连接---------
连接关闭 code: 1005, reason: 
连接关闭 code: 1005, reason: 
创建一个新的连接---------
创建一个新的连接---------
连接关闭 code: 1005, reason: 
连接关闭 code: 1005, reason: 
创建一个新的连接---------
创建一个新的连接---------
连接关闭 code: 1005, reason: 
连接关闭 code: 1005, reason: 
创建一个新的连接---------
创建一个新的连接---------
连接关闭 code: 1005, reason: 
连接关闭 code: 1005, reason: 
创建一个新的连接---------
创建一个新的连接---------
连接关闭 code: 1005, reason: 
连接关闭 code: 1005, reason: 
创建一个新的连接---------
创建一个新的连接---------
连接关闭 code: 1005, reason: 
连接关闭 code: 1005, reason: 
创建一个新的连接---------
创建一个新的连接---------
连接关闭 code: 1005, reason: 
连接关闭 code: 1005, reason: 
创建一个新的连接---------
创建一个新的连接---------
连接关闭 code: 1005, reason: 
连接关闭 code: 1005, reason: 
创建一个新的连接---------
创建一个新的连接---------
连接关闭 code: 1005, reason: 
连接关闭 code: 1005, reason: 
创建一个新的连接---------
创建一个新的连接---------
连接关闭 code: 1005, reason: 
连接关闭 code: 1005, reason: 
创建一个新的连接---------
创建一个新的连接---------
连接关闭 code: 1005, reason: 
连接关闭 code: 1005, reason: 
创建一个新的连接---------
创建一个新的连接---------
连接关闭 code: 1005, reason: 
连接关闭 code: 1005, reason: 
创建一个新的连接---------
创建一个新的连接---------
连接关闭 code: 1005, reason: 
连接关闭 code: 1005, reason: 
创建一个新的连接---------
创建一个新的连接---------
连接关闭 code: 1005, reason: 
连接关闭 code: 1005, reason: 
创建一个新的连接---------
创建一个新的连接---------
连接关闭 code: 1005, reason: 
连接关闭 code: 1005, reason: 
创建一个新的连接---------
创建一个新的连接---------
连接关闭 code: 1005, reason: 
连接关闭 code: 1005, reason: 
创建一个新的连接---------
创建一个新的连接---------
连接关闭 code: 1005, reason: 
连接关闭 code: 1005, reason: 
创建一个新的连接---------
创建一个新的连接---------
连接关闭 code: 1005, reason: 
连接关闭 code: 1005, reason: 
创建一个新的连接---------
创建一个新的连接---------
连接关闭 code: 1005, reason: 
连接关闭 code: 1005, reason: 
创建一个新的连接---------
创建一个新的连接---------
连接关闭 code: 1005, reason: 
连接关闭 code: 1005, reason: 
创建一个新的连接---------
创建一个新的连接---------
连接关闭 code: 1005, reason: 
连接关闭 code: 1005, reason: 
创建一个新的连接---------
创建一个新的连接---------
连接关闭 code: 1005, reason: 
连接关闭 code: 1005, reason: 
创建一个新的连接---------
创建一个新的连接---------
连接关闭 code: 1005, reason: 
连接关闭 code: 1005, reason: 
创建一个新的连接---------
创建一个新的连接---------
连接关闭 code: 1005, reason: 
连接关闭 code: 1005, reason: 
创建一个新的连接---------
创建一个新的连接---------
连接关闭 code: 1005, reason: 
连接关闭 code: 1005, reason: 
创建一个新的连接---------
创建一个新的连接---------
连接关闭 code: 1005, reason: 
连接关闭 code: 1005, reason: 
创建一个新的连接---------
创建一个新的连接---------
连接关闭 code: 1005, reason: 
连接关闭 code: 1005, reason: 
创建一个新的连接---------
创建一个新的连接---------
连接关闭 code: 1005, reason: 
连接关闭 code: 1005, reason: 
创建一个新的连接---------
创建一个新的连接---------
连接关闭 code: 1005, reason: 
连接关闭 code: 1005, reason: 
创建一个新的连接---------
创建一个新的连接---------
连接关闭 code: 1005, reason: 
连接关闭 code: 1005, reason: 
创建一个新的连接---------
创建一个新的连接---------
连接关闭 code: 1005, reason: 
连接关闭 code: 1005, reason: 
创建一个新的连接---------
创建一个新的连接---------
连接关闭 code: 1005, reason: 
连接关闭 code: 1005, reason: 
创建一个新的连接---------
创建一个新的连接---------
连接关闭 code: 1005, reason: 
连接关闭 code: 1005, reason: 
创建一个新的连接---------
创建一个新的连接---------
连接关闭 code: 1005, reason: 
连接关闭 code: 1005, reason: 
创建一个新的连接---------
创建一个新的连接---------
连接关闭 code: 1005, reason: 
连接关闭 code: 1005, reason: 
创建一个新的连接---------
创建一个新的连接---------
连接关闭 code: 1005, reason: 
连接关闭 code: 1005, reason: 
创建一个新的连接---------
创建一个新的连接---------
连接关闭 code: 1005, reason: 
连接关闭 code: 1005, reason: 
创建一个新的连接---------
创建一个新的连接---------
连接关闭 code: 1005, reason: 
连接关闭 code: 1005, reason: 
创建一个新的连接---------
创建一个新的连接---------
连接关闭 code: 1005, reason: 
连接关闭 code: 1005, reason: 
创建一个新的连接---------
创建一个新的连接---------
连接关闭 code: 1005, reason: 
连接关闭 code: 1005, reason: 
创建一个新的连接---------
创建一个新的连接---------
连接关闭 code: 1005, reason: 
连接关闭 code: 1005, reason: 
创建一个新的连接---------
创建一个新的连接---------
连接关闭 code: 1005, reason: 
连接关闭 code: 1005, reason: 
创建一个新的连接---------
创建一个新的连接---------
连接关闭 code: 1005, reason: 
连接关闭 code: 1005, reason: 
创建一个新的连接---------
创建一个新的连接---------
连接关闭 code: 1005, reason: 
连接关闭 code: 1005, reason: 
创建一个新的连接---------
创建一个新的连接---------
连接关闭 code: 1005, reason: 
连接关闭 code: 1005, reason: 
创建一个新的连接---------
创建一个新的连接---------
连接关闭 code: 1005, reason: 
连接关闭 code: 1005, reason: 
创建一个新的连接---------
创建一个新的连接---------
连接关闭 code: 1005, reason: 
连接关闭 code: 1005, reason: 
创建一个新的连接---------
创建一个新的连接---------
连接关闭 code: 1005, reason: 
连接关闭 code: 1005, reason: 
创建一个新的连接---------
创建一个新的连接---------
连接关闭 code: 1005, reason: 
连接关闭 code: 1005, reason: 
创建一个新的连接---------
创建一个新的连接---------
连接关闭 code: 1005, reason: 
连接关闭 code: 1005, reason: 
创建一个新的连接---------
创建一个新的连接---------
连接关闭 code: 1005, reason: 
连接关闭 code: 1005, reason: 
创建一个新的连接---------
创建一个新的连接---------
连接关闭 code: 1005, reason: 
连接关闭 code: 1005, reason: 
创建一个新的连接---------
创建一个新的连接---------
连接关闭 code: 1005, reason: 
连接关闭 code: 1005, reason: 
创建一个新的连接---------
创建一个新的连接---------
连接关闭 code: 1005, reason: 
连接关闭 code: 1005, reason: 
创建一个新的连接---------
创建一个新的连接---------
连接关闭 code: 1005, reason: 
连接关闭 code: 1005, reason: 
创建一个新的连接---------
创建一个新的连接---------
连接关闭 code: 1005, reason: 
连接关闭 code: 1005, reason: 
创建一个新的连接---------
创建一个新的连接---------
连接关闭 code: 1005, reason: 
连接关闭 code: 1005, reason: 
创建一个新的连接---------
创建一个新的连接---------
连接关闭 code: 1005, reason: 
连接关闭 code: 1005, reason: 
创建一个新的连接---------
创建一个新的连接---------
连接关闭 code: 1005, reason: 
连接关闭 code: 1005, reason: 
创建一个新的连接---------
创建一个新的连接---------
连接关闭 code: 1005, reason: 
连接关闭 code: 1005, reason: 
创建一个新的连接---------
创建一个新的连接---------
连接关闭 code: 1005, reason: 
连接关闭 code: 1005, reason: 
创建一个新的连接---------
创建一个新的连接---------
连接关闭 code: 1005, reason: 
连接关闭 code: 1005, reason: 
创建一个新的连接---------
创建一个新的连接---------
连接关闭 code: 1005, reason: 
连接关闭 code: 1005, reason: 
创建一个新的连接---------
创建一个新的连接---------
连接关闭 code: 1005, reason: 
连接关闭 code: 1005, reason: 
创建一个新的连接---------
创建一个新的连接---------
连接关闭 code: 1005, reason: 
连接关闭 code: 1005, reason: 
创建一个新的连接---------
创建一个新的连接---------
连接关闭 code: 1005, reason: 
连接关闭 code: 1005, reason: 
创建一个新的连接---------
创建一个新的连接---------
连接关闭 code: 1005, reason: 
连接关闭 code: 1005, reason: 
创建一个新的连接---------
创建一个新的连接---------
连接关闭 code: 1005, reason: 
连接关闭 code: 1005, reason: 
创建一个新的连接---------
创建一个新的连接---------
连接关闭 code: 1005, reason: 
连接关闭 code: 1005, reason: 
创建一个新的连接---------
创建一个新的连接---------
连接关闭 code: 1005, reason: 
连接关闭 code: 1005, reason: 
创建一个新的连接---------
创建一个新的连接---------
连接关闭 code: 1005, reason: 
连接关闭 code: 1005, reason: 
创建一个新的连接---------
创建一个新的连接---------
连接关闭 code: 1005, reason: 
连接关闭 code: 1005, reason: 
创建一个新的连接---------
创建一个新的连接---------
连接关闭 code: 1005, reason: 
连接关闭 code: 1005, reason: 
创建一个新的连接---------
创建一个新的连接---------
连接关闭 code: 1005, reason: 
连接关闭 code: 1005, reason: 
创建一个新的连接---------
创建一个新的连接---------
连接关闭 code: 1005, reason: 
连接关闭 code: 1005, reason: 
创建一个新的连接---------
创建一个新的连接---------
连接关闭 code: 1005, reason: 
连接关闭 code: 1005, reason: 
创建一个新的连接---------
创建一个新的连接---------
连接关闭 code: 1005, reason: 
连接关闭 code: 1005, reason: 
创建一个新的连接---------
创建一个新的连接---------
连接关闭 code: 1005, reason: 
连接关闭 code: 1005, reason: 
创建一个新的连接---------
创建一个新的连接---------
连接关闭 code: 1005, reason: 
连接关闭 code: 1005, reason: 
创建一个新的连接---------
创建一个新的连接---------
连接关闭 code: 1005, reason: 
连接关闭 code: 1005, reason: 
创建一个新的连接---------
创建一个新的连接---------
连接关闭 code: 1005, reason: 
连接关闭 code: 1005, reason: 
创建一个新的连接---------
创建一个新的连接---------
连接关闭 code: 1005, reason: 
连接关闭 code: 1005, reason: 
创建一个新的连接---------
创建一个新的连接---------
连接关闭 code: 1005, reason: 
连接关闭 code: 1005, reason: 
创建一个新的连接---------
创建一个新的连接---------
连接关闭 code: 1005, reason: 
连接关闭 code: 1005, reason: 
创建一个新的连接---------
创建一个新的连接---------
连接关闭 code: 1005, reason: 
连接关闭 code: 1005, reason: 
创建一个新的连接---------
创建一个新的连接---------
连接关闭 code: 1005, reason: 
连接关闭 code: 1005, reason: 
创建一个新的连接---------
创建一个新的连接---------
连接关闭 code: 1005, reason: 
连接关闭 code: 1005, reason: 
创建一个新的连接---------
创建一个新的连接---------
连接关闭 code: 1005, reason: 
连接关闭 code: 1005, reason: 
创建一个新的连接---------
创建一个新的连接---------
连接关闭 code: 1005, reason: 
连接关闭 code: 1005, reason: 
创建一个新的连接---------
创建一个新的连接---------
连接关闭 code: 1005, reason: 
连接关闭 code: 1005, reason: 
创建一个新的连接---------
创建一个新的连接---------
连接关闭 code: 1005, reason: 
连接关闭 code: 1005, reason: 
创建一个新的连接---------
创建一个新的连接---------
连接关闭 code: 1005, reason: 
连接关闭 code: 1005, reason: 
创建一个新的连接---------
创建一个新的连接---------
连接关闭 code: 1005, reason: 
连接关闭 code: 1005, reason: 
创建一个新的连接---------
创建一个新的连接---------
连接关闭 code: 1005, reason: 
连接关闭 code: 1005, reason: 
创建一个新的连接---------
创建一个新的连接---------
连接关闭 code: 1005, reason: 
连接关闭 code: 1005, reason: 
创建一个新的连接---------
创建一个新的连接---------
连接关闭 code: 1005, reason: 
连接关闭 code: 1005, reason: 
创建一个新的连接---------
创建一个新的连接---------
连接关闭 code: 1005, reason: 
连接关闭 code: 1005, reason: 
创建一个新的连接---------
创建一个新的连接---------
连接关闭 code: 1005, reason: 
连接关闭 code: 1005, reason: 
创建一个新的连接---------
创建一个新的连接---------
连接关闭 code: 1005, reason: 
连接关闭 code: 1005, reason: 
创建一个新的连接---------
创建一个新的连接---------
连接关闭 code: 1005, reason: 
连接关闭 code: 1005, reason: 
创建一个新的连接---------
创建一个新的连接---------
连接关闭 code: 1005, reason: 
连接关闭 code: 1005, reason: 
创建一个新的连接---------
创建一个新的连接---------
连接关闭 code: 1005, reason: 
连接关闭 code: 1005, reason: 
创建一个新的连接---------
创建一个新的连接---------
连接关闭 code: 1005, reason: 
连接关闭 code: 1005, reason: 
创建一个新的连接---------
创建一个新的连接---------
连接关闭 code: 1005, reason: 
连接关闭 code: 1005, reason: 
创建一个新的连接---------
创建一个新的连接---------
连接关闭 code: 1005, reason: 
连接关闭 code: 1005, reason: 
创建一个新的连接---------
创建一个新的连接---------
连接关闭 code: 1005, reason: 
连接关闭 code: 1005, reason: 
创建一个新的连接---------
创建一个新的连接---------
连接关闭 code: 1005, reason: 
连接关闭 code: 1005, reason: 
创建一个新的连接---------
创建一个新的连接---------
连接关闭 code: 1005, reason: 
连接关闭 code: 1005, reason: 
创建一个新的连接---------
创建一个新的连接---------
连接关闭 code: 1005, reason: 
连接关闭 code: 1005, reason: 
创建一个新的连接---------
创建一个新的连接---------
连接关闭 code: 1005, reason: 
连接关闭 code: 1005, reason: 
创建一个新的连接---------
创建一个新的连接---------
连接关闭 code: 1005, reason: 
连接关闭 code: 1005, reason: 
创建一个新的连接---------
创建一个新的连接---------
连接关闭 code: 1005, reason: 
连接关闭 code: 1005, reason: 
创建一个新的连接---------
创建一个新的连接---------
连接关闭 code: 1005, reason: 
连接关闭 code: 1005, reason: 
创建一个新的连接---------
创建一个新的连接---------
连接关闭 code: 1005, reason: 
连接关闭 code: 1005, reason: 
创建一个新的连接---------
创建一个新的连接---------
连接关闭 code: 1005, reason: 
连接关闭 code: 1005, reason: 
创建一个新的连接---------
创建一个新的连接---------
连接关闭 code: 1005, reason: 
连接关闭 code: 1005, reason: 
创建一个新的连接---------
创建一个新的连接---------
连接关闭 code: 1005, reason: 
连接关闭 code: 1006, reason: 
创建一个新的连接---------
连接关闭 code: 1001, reason: 
创建一个新的连接---------
创建一个新的连接---------
uiddofxgv5cg39 try to join roomId: 11
uidymsbl11wzy try to join roomId: 11
new-peer: {"cmd":"new-peer","remoteUid":"ymsbl11wzy"}
resp-join: {"cmd":"resp-join","remoteUid":"dofxgv5cg39"}
连接关闭 code: 1001, reason: 
handleForceLeave uid:dofxgv5cg39 force leave roomId: 11
notify peer:ymsbl11wzy , uid: dofxgv5cg39 leave
创建一个新的连接---------
连接关闭 code: 1001, reason: 
handleForceLeave uid:ymsbl11wzy force leave roomId: 11
创建一个新的连接---------
uidb714qd7g1tu try to join roomId: 11
uid3tgwgto74bu try to join roomId: 11
new-peer: {"cmd":"new-peer","remoteUid":"3tgwgto74bu"}
resp-join: {"cmd":"resp-join","remoteUid":"b714qd7g1tu"}
连接关闭 code: 1005, reason: 
handleForceLeave uid:b714qd7g1tu force leave roomId: 11
notify peer:3tgwgto74bu , uid: b714qd7g1tu leave
连接关闭 code: 1005, reason: 
handleForceLeave uid:3tgwgto74bu force leave roomId: 11
创建一个新的连接---------
创建一个新的连接---------
连接关闭 code: 1001, reason: 
创建一个新的连接---------
连接关闭 code: 1001, reason: 
创建一个新的连接---------
uidmyp7z7mk9a try to join roomId: 11
uidj5zehp9j3cm try to join roomId: 11
new-peer: {"cmd":"new-peer","remoteUid":"j5zehp9j3cm"}
resp-join: {"cmd":"resp-join","remoteUid":"myp7z7mk9a"}
handleOffer uid: myp7z7mk9a transfer offer to remoteUid: j5zehp9j3cm
handleAnswer uid: j5zehp9j3cm transfer answer to remoteUid: myp7z7mk9a
handleCandidate uid: j5zehp9j3cm transfer candidate to remoteUid: myp7z7mk9a
