创建一个新的连接---------
创建一个新的连接---------
连接关闭 code: 1001, reason: 
创建一个新的连接---------
连接关闭 code: 1001, reason: 
创建一个新的连接---------
创建一个新的连接---------
创建一个新的连接---------
uidqu2v8zofw2 try to join roomId: 11
连接关闭 code: 1001, reason: 
创建一个新的连接---------
uidqgenrl5m2b try to join roomId: 11
new-peer: {"cmd":"new-peer","remoteUid":"qgenrl5m2b"}
resp-join: {"cmd":"resp-join","remoteUid":"qu2v8zofw2"}
handleOffer uid: qu2v8zofw2 transfer offer to remoteUid: qgenrl5m2b
handleAnswer uid: qgenrl5m2b transfer answer to remoteUid: qu2v8zofw2
handleCandidate uid: qgenrl5m2b transfer candidate to remoteUid: qu2v8zofw2
handleCandidate uid: qgenrl5m2b transfer candidate to remoteUid: qu2v8zofw2
handleCandidate uid: qu2v8zofw2 transfer candidate to remoteUid: qgenrl5m2b
handleCandidate uid: qu2v8zofw2 transfer candidate to remoteUid: qgenrl5m2b
node:events:368
      throw er; // Unhandled 'error' event
      ^

Error: listen EADDRINUSE: address already in use :::8099
    at Server.setupListenHandle [as _listen2] (node:net:1334:16)
    at listenInCluster (node:net:1382:12)
    at Server.listen (node:net:1469:7)
    at Server.listen (/mnt/WebRTC/src/04/6.4/server/node_modules/nodejs-websocket/Server.js:119:14)
    at Object.<anonymous> (/mnt/WebRTC/src/04/6.4/server/signal_server.js:322:4)
    at Module._compile (node:internal/modules/cjs/loader:1101:14)
    at Object.Module._extensions..js (node:internal/modules/cjs/loader:1153:10)
    at Module.load (node:internal/modules/cjs/loader:981:32)
    at Function.Module._load (node:internal/modules/cjs/loader:822:12)
    at Function.executeUserEntryPoint [as runMain] (node:internal/modules/run_main:81:12)
Emitted 'error' event on Server instance at:
    at Server.<anonymous> (/mnt/WebRTC/src/04/6.4/server/node_modules/nodejs-websocket/Server.js:70:8)
    at Server.emit (node:events:390:28)
    at emitErrorNT (node:net:1361:8)
    at processTicksAndRejections (node:internal/process/task_queues:83:21) {
  code: 'EADDRINUSE',
  errno: -98,
  syscall: 'listen',
  address: '::',
  port: 8099
}
连接关闭 code: 1001, reason: 
handleForceLeave uid:qgenrl5m2b force leave roomId: 11
notify peer:qu2v8zofw2 , uid: qgenrl5m2b leave
创建一个新的连接---------
连接关闭 code: 1001, reason: 
handleForceLeave uid:qu2v8zofw2 force leave roomId: 11
创建一个新的连接---------
uidaibsldxb7yb try to join roomId: 11
uidx0curkw9lkg try to join roomId: 11
new-peer: {"cmd":"new-peer","remoteUid":"x0curkw9lkg"}
resp-join: {"cmd":"resp-join","remoteUid":"aibsldxb7yb"}
handleOffer uid: aibsldxb7yb transfer offer to remoteUid: x0curkw9lkg
handleCandidate uid: aibsldxb7yb transfer candidate to remoteUid: x0curkw9lkg
handleCandidate uid: aibsldxb7yb transfer candidate to remoteUid: x0curkw9lkg
handleAnswer uid: x0curkw9lkg transfer answer to remoteUid: aibsldxb7yb
handleCandidate uid: x0curkw9lkg transfer candidate to remoteUid: aibsldxb7yb
handleCandidate uid: x0curkw9lkg transfer candidate to remoteUid: aibsldxb7yb
连接关闭 code: 1001, reason: 
handleForceLeave uid:aibsldxb7yb force leave roomId: 11
notify peer:x0curkw9lkg , uid: aibsldxb7yb leave
连接关闭 code: 1001, reason: 
handleForceLeave uid:x0curkw9lkg force leave roomId: 11
创建一个新的连接---------
uidc0crjcs3dvl try to join roomId: 11
创建一个新的连接---------
uidrbvwp1ihyb try to join roomId: 11
new-peer: {"cmd":"new-peer","remoteUid":"rbvwp1ihyb"}
resp-join: {"cmd":"resp-join","remoteUid":"c0crjcs3dvl"}
handleOffer uid: c0crjcs3dvl transfer offer to remoteUid: rbvwp1ihyb
handleAnswer uid: rbvwp1ihyb transfer answer to remoteUid: c0crjcs3dvl
handleCandidate uid: c0crjcs3dvl transfer candidate to remoteUid: rbvwp1ihyb
handleCandidate uid: c0crjcs3dvl transfer candidate to remoteUid: rbvwp1ihyb
handleCandidate uid: rbvwp1ihyb transfer candidate to remoteUid: c0crjcs3dvl
handleCandidate uid: rbvwp1ihyb transfer candidate to remoteUid: c0crjcs3dvl
连接关闭 code: 1001, reason: 
handleForceLeave uid:c0crjcs3dvl force leave roomId: 11
notify peer:rbvwp1ihyb , uid: c0crjcs3dvl leave
创建一个新的连接---------
连接关闭 code: 1001, reason: 
handleForceLeave uid:rbvwp1ihyb force leave roomId: 11
创建一个新的连接---------
node:events:368
      throw er; // Unhandled 'error' event
      ^

Error: listen EADDRINUSE: address already in use :::8099
    at Server.setupListenHandle [as _listen2] (node:net:1334:16)
    at listenInCluster (node:net:1382:12)
    at Server.listen (node:net:1469:7)
    at Server.listen (/mnt/WebRTC/src/04/6.4/server/node_modules/nodejs-websocket/Server.js:119:14)
    at Object.<anonymous> (/mnt/WebRTC/src/04/6.4/server/signal_server.js:322:4)
    at Module._compile (node:internal/modules/cjs/loader:1101:14)
    at Object.Module._extensions..js (node:internal/modules/cjs/loader:1153:10)
    at Module.load (node:internal/modules/cjs/loader:981:32)
    at Function.Module._load (node:internal/modules/cjs/loader:822:12)
    at Function.executeUserEntryPoint [as runMain] (node:internal/modules/run_main:81:12)
Emitted 'error' event on Server instance at:
    at Server.<anonymous> (/mnt/WebRTC/src/04/6.4/server/node_modules/nodejs-websocket/Server.js:70:8)
    at Server.emit (node:events:390:28)
    at emitErrorNT (node:net:1361:8)
    at processTicksAndRejections (node:internal/process/task_queues:83:21) {
  code: 'EADDRINUSE',
  errno: -98,
  syscall: 'listen',
  address: '::',
  port: 8099
}
连接关闭 code: 1001, reason: 
创建一个新的连接---------
连接关闭 code: 1001, reason: 
创建一个新的连接---------
uidqunc18tf7us try to join roomId: 11
uidv4yf3plq389 try to join roomId: 11
new-peer: {"cmd":"new-peer","remoteUid":"v4yf3plq389"}
resp-join: {"cmd":"resp-join","remoteUid":"qunc18tf7us"}
handleOffer uid: qunc18tf7us transfer offer to remoteUid: v4yf3plq389
handleAnswer uid: v4yf3plq389 transfer answer to remoteUid: qunc18tf7us
handleCandidate uid: qunc18tf7us transfer candidate to remoteUid: v4yf3plq389
handleCandidate uid: qunc18tf7us transfer candidate to remoteUid: v4yf3plq389
handleCandidate uid: v4yf3plq389 transfer candidate to remoteUid: qunc18tf7us
handleCandidate uid: v4yf3plq389 transfer candidate to remoteUid: qunc18tf7us
连接关闭 code: 1001, reason: 
handleForceLeave uid:v4yf3plq389 force leave roomId: 11
notify peer:qunc18tf7us , uid: v4yf3plq389 leave
创建一个新的连接---------
连接关闭 code: 1001, reason: 
handleForceLeave uid:qunc18tf7us force leave roomId: 11
创建一个新的连接---------
uidl768enb7hqr try to join roomId: 11
连接关闭 code: 1001, reason: 
创建一个新的连接---------
uidi0fzt2r1bsh try to join roomId: 11
new-peer: {"cmd":"new-peer","remoteUid":"i0fzt2r1bsh"}
resp-join: {"cmd":"resp-join","remoteUid":"l768enb7hqr"}
handleOffer uid: l768enb7hqr transfer offer to remoteUid: i0fzt2r1bsh
handleAnswer uid: i0fzt2r1bsh transfer answer to remoteUid: l768enb7hqr
handleCandidate uid: l768enb7hqr transfer candidate to remoteUid: i0fzt2r1bsh
handleCandidate uid: l768enb7hqr transfer candidate to remoteUid: i0fzt2r1bsh
handleCandidate uid: i0fzt2r1bsh transfer candidate to remoteUid: l768enb7hqr
handleCandidate uid: i0fzt2r1bsh transfer candidate to remoteUid: l768enb7hqr
连接关闭 code: 1001, reason: 
handleForceLeave uid:i0fzt2r1bsh force leave roomId: 11
notify peer:l768enb7hqr , uid: i0fzt2r1bsh leave
连接关闭 code: 1001, reason: 
handleForceLeave uid:l768enb7hqr force leave roomId: 11
创建一个新的连接---------
uidz8yd6hpmfd try to join roomId: 11
连接关闭 code: 1001, reason: 
handleForceLeave uid:z8yd6hpmfd force leave roomId: 11
创建一个新的连接---------
连接关闭 code: 1001, reason: 
创建一个新的连接---------
uidxywf7612u1 try to join roomId: 11
创建一个新的连接---------
uidwnhchz3gvdl try to join roomId: 11
new-peer: {"cmd":"new-peer","remoteUid":"wnhchz3gvdl"}
resp-join: {"cmd":"resp-join","remoteUid":"xywf7612u1"}
handleOffer uid: xywf7612u1 transfer offer to remoteUid: wnhchz3gvdl
handleCandidate uid: xywf7612u1 transfer candidate to remoteUid: wnhchz3gvdl
handleCandidate uid: xywf7612u1 transfer candidate to remoteUid: wnhchz3gvdl
handleAnswer uid: wnhchz3gvdl transfer answer to remoteUid: xywf7612u1
handleCandidate uid: wnhchz3gvdl transfer candidate to remoteUid: xywf7612u1
handleCandidate uid: wnhchz3gvdl transfer candidate to remoteUid: xywf7612u1
连接关闭 code: 1001, reason: 
handleForceLeave uid:xywf7612u1 force leave roomId: 11
notify peer:wnhchz3gvdl , uid: xywf7612u1 leave
创建一个新的连接---------
连接关闭 code: 1001, reason: 
创建一个新的连接---------
连接关闭 code: 1001, reason: 
handleForceLeave uid:wnhchz3gvdl force leave roomId: 11
创建一个新的连接---------
uidt8g1dg2uqj try to join roomId: 11
uidl299zm16aap try to join roomId: 11
new-peer: {"cmd":"new-peer","remoteUid":"l299zm16aap"}
resp-join: {"cmd":"resp-join","remoteUid":"t8g1dg2uqj"}
handleOffer uid: t8g1dg2uqj transfer offer to remoteUid: l299zm16aap
handleCandidate uid: t8g1dg2uqj transfer candidate to remoteUid: l299zm16aap
handleCandidate uid: t8g1dg2uqj transfer candidate to remoteUid: l299zm16aap
handleAnswer uid: l299zm16aap transfer answer to remoteUid: t8g1dg2uqj
handleCandidate uid: l299zm16aap transfer candidate to remoteUid: t8g1dg2uqj
handleCandidate uid: l299zm16aap transfer candidate to remoteUid: t8g1dg2uqj
连接关闭 code: 1001, reason: 
handleForceLeave uid:l299zm16aap force leave roomId: 11
notify peer:t8g1dg2uqj , uid: l299zm16aap leave
创建一个新的连接---------
连接关闭 code: 1001, reason: 
创建一个新的连接---------
创建一个新的连接---------
创建一个新的连接---------
创建一个新的连接---------
创建一个新的连接---------
创建一个新的连接---------
创建一个新的连接---------
创建一个新的连接---------
创建一个新的连接---------
创建一个新的连接---------
创建一个新的连接---------
创建一个新的连接---------
创建一个新的连接---------
创建一个新的连接---------
创建一个新的连接---------
创建一个新的连接---------
创建一个新的连接---------
连接关闭 code: 1001, reason: 
连接关闭 code: 1001, reason: 
连接关闭 code: 1001, reason: 
连接关闭 code: 1001, reason: 
连接关闭 code: 1001, reason: 
连接关闭 code: 1001, reason: 
连接关闭 code: 1001, reason: 
连接关闭 code: 1001, reason: 
连接关闭 code: 1001, reason: 
连接关闭 code: 1001, reason: 
连接关闭 code: 1001, reason: 
连接关闭 code: 1001, reason: 
连接关闭 code: 1001, reason: 
连接关闭 code: 1001, reason: 
连接关闭 code: 1001, reason: 
连接关闭 code: 1001, reason: 
连接关闭 code: 1001, reason: 
创建一个新的连接---------
连接关闭 code: 1001, reason: 
handleForceLeave uid:t8g1dg2uqj force leave roomId: 11
创建一个新的连接---------
创建一个新的连接---------
uidmlq6kqwkpur try to join roomId: 11
创建一个新的连接---------
创建一个新的连接---------
uid9g9pdig3grm try to join roomId: 11
new-peer: {"cmd":"new-peer","remoteUid":"9g9pdig3grm"}
resp-join: {"cmd":"resp-join","remoteUid":"mlq6kqwkpur"}
handleOffer uid: mlq6kqwkpur transfer offer to remoteUid: 9g9pdig3grm
handleAnswer uid: 9g9pdig3grm transfer answer to remoteUid: mlq6kqwkpur
handleCandidate uid: mlq6kqwkpur transfer candidate to remoteUid: 9g9pdig3grm
handleCandidate uid: mlq6kqwkpur transfer candidate to remoteUid: 9g9pdig3grm
handleCandidate uid: 9g9pdig3grm transfer candidate to remoteUid: mlq6kqwkpur
handleCandidate uid: 9g9pdig3grm transfer candidate to remoteUid: mlq6kqwkpur
创建一个新的连接---------
创建一个新的连接---------
创建一个新的连接---------
创建一个新的连接---------
创建一个新的连接---------
创建一个新的连接---------
创建一个新的连接---------
创建一个新的连接---------
创建一个新的连接---------
创建一个新的连接---------
创建一个新的连接---------
创建一个新的连接---------
创建一个新的连接---------
创建一个新的连接---------
创建一个新的连接---------
创建一个新的连接---------
创建一个新的连接---------
创建一个新的连接---------
创建一个新的连接---------
创建一个新的连接---------
创建一个新的连接---------
创建一个新的连接---------
创建一个新的连接---------
创建一个新的连接---------
创建一个新的连接---------
创建一个新的连接---------
创建一个新的连接---------
创建一个新的连接---------
创建一个新的连接---------
创建一个新的连接---------
创建一个新的连接---------
创建一个新的连接---------
创建一个新的连接---------
创建一个新的连接---------
创建一个新的连接---------
连接关闭 code: 1001, reason: 
连接关闭 code: 1001, reason: 
连接关闭 code: 1001, reason: 
连接关闭 code: 1001, reason: 
连接关闭 code: 1001, reason: 
连接关闭 code: 1001, reason: 
连接关闭 code: 1001, reason: 
连接关闭 code: 1001, reason: 
连接关闭 code: 1001, reason: 
连接关闭 code: 1001, reason: 
连接关闭 code: 1001, reason: 
连接关闭 code: 1001, reason: 
连接关闭 code: 1001, reason: 
连接关闭 code: 1001, reason: 
连接关闭 code: 1001, reason: 
连接关闭 code: 1001, reason: 
连接关闭 code: 1001, reason: 
连接关闭 code: 1001, reason: 
连接关闭 code: 1001, reason: 
连接关闭 code: 1001, reason: 
handleForceLeave uid:mlq6kqwkpur force leave roomId: 11
notify peer:9g9pdig3grm , uid: mlq6kqwkpur leave
连接关闭 code: 1001, reason: 
创建一个新的连接---------
创建一个新的连接---------
连接关闭 code: 1001, reason: 
连接关闭 code: 1001, reason: 
连接关闭 code: 1001, reason: 
连接关闭 code: 1001, reason: 
连接关闭 code: 1001, reason: 
连接关闭 code: 1001, reason: 
连接关闭 code: 1001, reason: 
连接关闭 code: 1001, reason: 
连接关闭 code: 1001, reason: 
连接关闭 code: 1001, reason: 
连接关闭 code: 1001, reason: 
连接关闭 code: 1001, reason: 
handleForceLeave uid:9g9pdig3grm force leave roomId: 11
连接关闭 code: 1001, reason: 
连接关闭 code: 1001, reason: 
连接关闭 code: 1001, reason: 
连接关闭 code: 1001, reason: 
连接关闭 code: 1001, reason: 
连接关闭 code: 1001, reason: 
连接关闭 code: 1001, reason: 
连接关闭 code: 1001, reason: 
创建一个新的连接---------
uidu9jt0vtzczo try to join roomId: 11
uid0nst8g4abmyp try to join roomId: 11
new-peer: {"cmd":"new-peer","remoteUid":"0nst8g4abmyp"}
resp-join: {"cmd":"resp-join","remoteUid":"u9jt0vtzczo"}
handleOffer uid: u9jt0vtzczo transfer offer to remoteUid: 0nst8g4abmyp
handleAnswer uid: 0nst8g4abmyp transfer answer to remoteUid: u9jt0vtzczo
handleCandidate uid: u9jt0vtzczo transfer candidate to remoteUid: 0nst8g4abmyp
handleCandidate uid: u9jt0vtzczo transfer candidate to remoteUid: 0nst8g4abmyp
handleCandidate uid: 0nst8g4abmyp transfer candidate to remoteUid: u9jt0vtzczo
handleCandidate uid: 0nst8g4abmyp transfer candidate to remoteUid: u9jt0vtzczo
连接关闭 code: 1006, reason: 
handleForceLeave uid:0nst8g4abmyp force leave roomId: 11
notify peer:u9jt0vtzczo , uid: 0nst8g4abmyp leave
监听到错误:Error: This socket has been ended by the other party
连接关闭 code: 1006, reason: 
handleForceLeave uid:u9jt0vtzczo force leave roomId: 11
node:events:368
      throw er; // Unhandled 'error' event
      ^

Error: listen EADDRINUSE: address already in use :::8099
    at Server.setupListenHandle [as _listen2] (node:net:1334:16)
    at listenInCluster (node:net:1382:12)
    at Server.listen (node:net:1469:7)
    at Server.listen (/mnt/WebRTC/src/04/6.4/server/node_modules/nodejs-websocket/Server.js:119:14)
    at Object.<anonymous> (/mnt/WebRTC/src/04/6.4/server/signal_server.js:322:4)
    at Module._compile (node:internal/modules/cjs/loader:1101:14)
    at Object.Module._extensions..js (node:internal/modules/cjs/loader:1153:10)
    at Module.load (node:internal/modules/cjs/loader:981:32)
    at Function.Module._load (node:internal/modules/cjs/loader:822:12)
    at Function.executeUserEntryPoint [as runMain] (node:internal/modules/run_main:81:12)
Emitted 'error' event on Server instance at:
    at Server.<anonymous> (/mnt/WebRTC/src/04/6.4/server/node_modules/nodejs-websocket/Server.js:70:8)
    at Server.emit (node:events:390:28)
    at emitErrorNT (node:net:1361:8)
    at processTicksAndRejections (node:internal/process/task_queues:83:21) {
  code: 'EADDRINUSE',
  errno: -98,
  syscall: 'listen',
  address: '::',
  port: 8099
}
创建一个新的连接---------
连接关闭 code: 1001, reason: 
创建一个新的连接---------
undefined:1
ping
^

SyntaxError: Unexpected token p in JSON at position 0
    at JSON.parse (<anonymous>)
    at Connection.<anonymous> (/mnt/WebRTC/src/04/6.4/server/signal_server.js:291:27)
    at Connection.emit (node:events:390:28)
    at Connection.processFrame (/mnt/WebRTC/src/04/6.4/server/node_modules/nodejs-websocket/Connection.js:621:9)
    at Connection.extractFrame (/mnt/WebRTC/src/04/6.4/server/node_modules/nodejs-websocket/Connection.js:562:14)
    at Connection.doRead (/mnt/WebRTC/src/04/6.4/server/node_modules/nodejs-websocket/Connection.js:254:23)
    at Socket.<anonymous> (/mnt/WebRTC/src/04/6.4/server/node_modules/nodejs-websocket/Connection.js:66:8)
    at Socket.emit (node:events:390:28)
    at emitReadable_ (node:internal/streams/readable:578:12)
    at processTicksAndRejections (node:internal/process/task_queues:82:21)
创建一个新的连接---------
undefined:1
ping
^

SyntaxError: Unexpected token p in JSON at position 0
    at JSON.parse (<anonymous>)
    at Connection.<anonymous> (/mnt/WebRTC/src/04/6.4/server/signal_server.js:291:27)
    at Connection.emit (node:events:390:28)
    at Connection.processFrame (/mnt/WebRTC/src/04/6.4/server/node_modules/nodejs-websocket/Connection.js:621:9)
    at Connection.extractFrame (/mnt/WebRTC/src/04/6.4/server/node_modules/nodejs-websocket/Connection.js:562:14)
    at Connection.doRead (/mnt/WebRTC/src/04/6.4/server/node_modules/nodejs-websocket/Connection.js:254:23)
    at Socket.<anonymous> (/mnt/WebRTC/src/04/6.4/server/node_modules/nodejs-websocket/Connection.js:66:8)
    at Socket.emit (node:events:390:28)
    at emitReadable_ (node:internal/streams/readable:578:12)
    at processTicksAndRejections (node:internal/process/task_queues:82:21)
